[Wed Nov  5 17:24:28 UTC 2025] System Health Dashboard:
------------------------
CPU Usage: 100%
Memory Usage: 7.38948%
Disk Space Usage: 1%
Active Processes: 42
------------------------
[Wed Nov  5 17:27:30 UTC 2025] System Health Dashboard:
------------------------
CPU Usage: 52%
Memory Usage: 7.93879%
Disk Space Usage: 1%
Active Processes: 46
------------------------
[Wed Nov  5 17:27:40 UTC 2025] System Health Dashboard:
------------------------
CPU Usage: 60%
Memory Usage: 7.92571%
Disk Space Usage: 1%
Active Processes: 46
------------------------
 [Wed Nov  5 17:46:41 UTC 2025] System Health Dashboard:
------------------------
CPU Usage: 0%
Memory Usage: 7.91263%
Disk Space Usage: 1%
Active Processes: 46
------------------------
[Fri Nov  7 15:56:27 UTC 2025] System Health Dashboard:
------------------------
CPU Usage: 0%
Memory Usage: 7.74261%
Disk Space Usage: 1%
Active Processes: 46
------------------------
